C51 COMPILER V9.60.7.0   MAIN                                                              12/11/2025 00:43:16 PAGE 1   


C51 COMPILER V9.60.7.0, COMPILATION OF MODULE MAIN
OBJECT MODULE PLACED IN .\Objects\main.obj
COMPILER INVOKED BY: C:\Keil_v5\C51\BIN\C51.EXE main.c LARGE OPTIMIZE(8,SPEED) BROWSE DEBUG OBJECTEXTEND PRINT(.\Listing
                    -s\main.lst) TABS(2) OBJECT(.\Objects\main.obj)

line level    source

   1          #include "T5LOS8051.h"
   2          
   3          /* ---------------------------------------------------------------
   4           * –¢–∏–ø—ã
   5           * ------------------------------------------------------------- */
   6          
   7          typedef unsigned char  u8;
   8          typedef unsigned short u16;
   9          typedef signed   short s16;
  10          typedef unsigned long  u32;
  11          typedef signed   long  s32;
  12          
  13          /* ---------------------------------------------------------------
  14           * –ê–¥—Ä–µ—Å–∞ VP (—Ä–µ–≥–∏—Å—Ç—Ä—ã –∏–∑ –¢–ó) –∏ —Å–∏—Å—Ç–µ–º–Ω—ã–µ –∞–¥—Ä–µ—Å–∞ DGUS
  15           * ------------------------------------------------------------- */
  16          
  17          /* –î–∞—Ç–∞/–≤—Ä–µ–º—è */
  18          #define VP_YEAR        0x2010
  19          #define VP_MONTH       0x2011
  20          #define VP_DAY         0x2012
  21          #define VP_WEEKDAY     0x2013
  22          #define VP_HOUR        0x2014
  23          #define VP_MIN         0x2015
  24          #define VP_SEC         0x2016
  25          
  26          /* –°–∏—Å—Ç–µ–º–Ω—ã–π RTC DGUS */
  27          #define OS_RTC         0x0010
  28          
  29          /* –ì—Ä–∞—Ñ–∏–∫ 1 */
  30          #define VP_G1_STATUS   0x2020
  31          #define VP_G1_DAYS     0x2021
  32          #define VP_G1_SPEED    0x2022
  33          #define VP_G1_TEMP     0x2023
  34          #define VP_G1_SHOUR    0x2024
  35          #define VP_G1_SMIN     0x2025
  36          #define VP_G1_EHOUR    0x2026
  37          #define VP_G1_EMIN     0x2027
  38          
  39          /* –ì—Ä–∞—Ñ–∏–∫ 2 */
  40          #define VP_G2_STATUS   0x2030
  41          #define VP_G2_DAYS     0x2031
  42          #define VP_G2_SPEED    0x2032
  43          #define VP_G2_TEMP     0x2033
  44          #define VP_G2_SHOUR    0x2034
  45          #define VP_G2_SMIN     0x2035
  46          #define VP_G2_EHOUR    0x2036
  47          #define VP_G2_EMIN     0x2037
  48          
  49          /* –ì—Ä–∞—Ñ–∏–∫ 3 */
  50          #define VP_G3_STATUS   0x2040
  51          #define VP_G3_DAYS     0x2041
  52          #define VP_G3_SPEED    0x2042
  53          #define VP_G3_TEMP     0x2043
  54          #define VP_G3_SHOUR    0x2044
C51 COMPILER V9.60.7.0   MAIN                                                              12/11/2025 00:43:16 PAGE 2   

  55          #define VP_G3_SMIN     0x2045
  56          #define VP_G3_EHOUR    0x2046
  57          #define VP_G3_EMIN     0x2047
  58          
  59          /* –ì—Ä–∞—Ñ–∏–∫ 4 */
  60          #define VP_G4_STATUS   0x2050
  61          #define VP_G4_DAYS     0x2051
  62          #define VP_G4_SPEED    0x2052
  63          #define VP_G4_TEMP     0x2053
  64          #define VP_G4_SHOUR    0x2054
  65          #define VP_G4_SMIN     0x2055
  66          #define VP_G4_EHOUR    0x2056
  67          #define VP_G4_EMIN     0x2057
  68          
  69          /* –û—Å–Ω–æ–≤–Ω—ã–µ —Ä–µ–≥–∏—Å—Ç—Ä—ã —Ä–∞–±–æ—Ç—ã */
  70          #define VP_ONOFF       0x2060   /* 1 ‚Äì –≤—ã–∫–ª, 2 ‚Äì –≤–∫–ª */
  71          #define VP_SPEED       0x2061   /* 1..4 */
  72          #define VP_MODE        0x2062   /* 1 ‚Äì –æ—Ö–ª, 2 ‚Äì –Ω–∞–≥—Ä–µ–≤ */
  73          #define VP_T_REAL_10X  0x2063   /* *10 */
  74          #define VP_T_REAL_INT  0x2064
  75          #define VP_T_SET_10X   0x2065   /* *10 */
  76          #define VP_T_SET_INT   0x2066
  77          #define VP_GRAPH_EN    0x2067
  78          
  79          /* –ù–∞—Å—Ç—Ä–æ–π–∫–∞ Modbus */
  80          #define VP_MB_ADDR     0x2070   /* 1..247 */
  81          #define VP_MB_SPEED    0x2071   /* 1..7 */
  82          #define VP_MB_PROTO    0x2072   /* 1..6 */
  83          
  84          /* –°–∏—Å—Ç–µ–º–Ω—ã–π –ê–¶–ü */
  85          #define OS_AD_VALUE    0x0032
  86          
  87          /* –ö–∞–ª–∏–±—Ä–æ–≤–∫–∞ —Ç–µ–º–ø–µ—Ä–∞—Ç—É—Ä—ã (–∫–∞–∫ –≤ tttt) */
  88          #define VP_T_COEF       0x2550   /* 3 —Å–ª–æ–≤–∞: K1, K2, C */
  89          #define VP_T_PRECISION  0x2554   /* 0 ‚Äì 0.5¬∞C, 1 ‚Äì 1.0¬∞C */
  90          
  91          /* ---------------------------------------------------------------
  92           * –ê–ø–ø–∞—Ä–∞—Ç–Ω—ã–µ –ª–∏–Ω–∏–∏
  93           * ------------------------------------------------------------- */
  94          
  95          sbit RELAY_VALVE = P1^3;
  96          sbit RELAY_LOW   = P1^1;
  97          sbit RELAY_HIGH  = P1^2;
  98          sbit RELAY_MID   = P1^4;
  99          sbit RS485_TX_EN = P0^1;   /* –£–ø—Ä–∞–≤–ª–µ–Ω–∏–µ –Ω–∞–ø—Ä–∞–≤–ª–µ–Ω–∏–µ–º RS485 */
 100          
 101          #define RELAY_VALVE_BIT  (1u << 3)
 102          #define RELAY_LOW_BIT    (1u << 1)
 103          #define RELAY_HIGH_BIT   (1u << 2)
 104          #define RELAY_MID_BIT    (1u << 4)
 105          
 106          /* ---------------------------------------------------------------
 107           * –ö–æ–Ω—Å—Ç–∞–Ω—Ç—ã
 108           * ------------------------------------------------------------- */
 109          
 110          #define TEMP_HYST_10X 10
 111          #define NTC_TABLE_SIZE 100
 112          #define FOSC     206438400UL
 113          #define T1MS     (65536UL - FOSC/12UL/1000UL)
 114          
 115          /* Modbus */
 116          #define MODBUS_RX_BUF_SIZE 64
C51 COMPILER V9.60.7.0   MAIN                                                              12/11/2025 00:43:16 PAGE 3   

 117          #define MODBUS_TX_BUF_SIZE 64
 118          #define MODBUS_TIMEOUT_MS  10   /* —Ç–∞–π–º–∞—É—Ç –º–µ–∂–¥—É –±–∞–π—Ç–∞–º–∏ (3.5 —Å–∏–º–≤–æ–ª–∞ –ø—Ä–∏ 115
             -200) */
 119          
 120          /* Modbus —Ñ—É–Ω–∫—Ü–∏–∏ */
 121          #define MB_FUNC_READ_REGS      0x03
 122          #define MB_FUNC_WRITE_REG      0x06
 123          #define MB_FUNC_WRITE_REGS     0x10
 124          
 125          /* Modbus –æ—à–∏–±–∫–∏ */
 126          #define MB_ERR_ILLEGAL_FUNC    0x01
 127          #define MB_ERR_ILLEGAL_ADDR    0x02
 128          #define MB_ERR_ILLEGAL_VALUE   0x03
 129          
 130          /* ---------------------------------------------------------------
 131           * –¢–∞–±–ª–∏—Ü—ã NTC
 132           * ------------------------------------------------------------- */
 133          
 134          static const u16 code NTC1_TABLE[NTC_TABLE_SIZE] =
 135          {
 136              32040,30490,29022,27633,26317,25071,23889,22769,21707,20700,
 137              19788,18838,17977,17160,16383,15646,14945,14280,13647,13045,
 138              12472,11928,11409,10916,10447,10000, 9574, 9168, 8781, 8413,
 139               8062, 7727, 7407, 7103, 6812, 6534, 6270, 6017, 5775, 5545,
 140               5324, 5114, 4913, 4720, 4536, 4360, 4192, 4031, 3877, 3730,
 141               3572, 3454, 3324, 3201, 3082, 2968, 2859, 2755, 2654, 2558,
 142               2466, 2378, 2293, 2212, 2134, 2059, 1987, 1918, 1851, 1788,
 143               1726, 1668, 1611, 1557, 1504, 1454, 1406, 1359, 1314, 1271,
 144               1230, 1190, 1151, 1114, 1079, 1045, 1011,  980,  949,  919,
 145                891,  863,  837,  811,  786,  763,  740,  718,  696,  675
 146          };
 147          
 148          static const u16 code NTC2_TABLE[NTC_TABLE_SIZE] =
 149          {
 150              32800,31141,29572,28090,26690,25366,24116,22935,21820,20767,
 151              19773,18835,17949,17113,16323,15578,14874,14208,13579,12983,
 152              12419,11885,11378,10896,10437,10000, 9513, 9064, 8649, 8263,
 153               7904, 7570, 7256, 6960, 6682, 6420, 6170, 5932, 5707, 5491,
 154               5284, 5085, 4895, 4712, 4536, 4367, 4204, 4047, 3896, 3750,
 155               3610, 3475, 3346, 3221, 3101, 2987, 2876, 2771, 2670, 2573,
 156               2480, 2391, 2307, 2226, 2148, 2074, 2004, 1936, 1871, 1809,
 157               1750, 1693, 1586, 1535, 1486, 1439, 1393, 1348, 1305, 1262,
 158               1220, 1178, 1137, 1097, 1056, 1023,  991,  960,  931,  903,
 159                876,  850,  825,  801,  777,  755,  733,  713,  692,  673
 160          };
 161          
 162          static const u8 code table_week[12] = {0,3,3,6,1,4,6,2,5,0,3,5};
 163          static const u8 code mon_table[12] = {31,28,31,30,31,30,31,31,30,31,30,31};
 164          
 165          /* –¢–∞–±–ª–∏—Ü–∞ CRC16 Modbus (High byte) */
 166          static const u8 code CRC_HI[] = {
 167              0x00,0xC1,0x81,0x40,0x01,0xC0,0x80,0x41,0x01,0xC0,0x80,0x41,0x00,0xC1,0x81,0x40,
 168              0x01,0xC0,0x80,0x41,0x00,0xC1,0x81,0x40,0x00,0xC1,0x81,0x40,0x01,0xC0,0x80,0x41,
 169              0x01,0xC0,0x80,0x41,0x00,0xC1,0x81,0x40,0x00,0xC1,0x81,0x40,0x01,0xC0,0x80,0x41,
 170              0x00,0xC1,0x81,0x40,0x01,0xC0,0x80,0x41,0x01,0xC0,0x80,0x41,0x00,0xC1,0x81,0x40,
 171              0x01,0xC0,0x80,0x41,0x00,0xC1,0x81,0x40,0x00,0xC1,0x81,0x40,0x01,0xC0,0x80,0x41,
 172              0x00,0xC1,0x81,0x40,0x01,0xC0,0x80,0x41,0x01,0xC0,0x80,0x41,0x00,0xC1,0x81,0x40,
 173              0x00,0xC1,0x81,0x40,0x01,0xC0,0x80,0x41,0x01,0xC0,0x80,0x41,0x00,0xC1,0x81,0x40,
 174              0x01,0xC0,0x80,0x41,0x00,0xC1,0x81,0x40,0x00,0xC1,0x81,0x40,0x01,0xC0,0x80,0x41,
 175              0x01,0xC0,0x80,0x41,0x00,0xC1,0x81,0x40,0x00,0xC1,0x81,0x40,0x01,0xC0,0x80,0x41,
 176              0x00,0xC1,0x81,0x40,0x01,0xC0,0x80,0x41,0x01,0xC0,0x80,0x41,0x00,0xC1,0x81,0x40,
 177              0x00,0xC1,0x81,0x40,0x01,0xC0,0x80,0x41,0x01,0xC0,0x80,0x41,0x00,0xC1,0x81,0x40,
C51 COMPILER V9.60.7.0   MAIN                                                              12/11/2025 00:43:16 PAGE 4   

 178              0x01,0xC0,0x80,0x41,0x00,0xC1,0x81,0x40,0x00,0xC1,0x81,0x40,0x01,0xC0,0x80,0x41,
 179              0x00,0xC1,0x81,0x40,0x01,0xC0,0x80,0x41,0x01,0xC0,0x80,0x41,0x00,0xC1,0x81,0x40,
 180              0x01,0xC0,0x80,0x41,0x00,0xC1,0x81,0x40,0x00,0xC1,0x81,0x40,0x01,0xC0,0x80,0x41,
 181              0x01,0xC0,0x80,0x41,0x00,0xC1,0x81,0x40,0x00,0xC1,0x81,0x40,0x01,0xC0,0x80,0x41,
 182              0x00,0xC1,0x81,0x40,0x01,0xC0,0x80,0x41,0x01,0xC0,0x80,0x41,0x00,0xC1,0x81,0x40
 183          };
 184          
 185          /* –¢–∞–±–ª–∏—Ü–∞ CRC16 Modbus (Low byte) */
 186          static const u8 code CRC_LO[] = {
 187              0x00,0xC0,0xC1,0x01,0xC3,0x03,0x02,0xC2,0xC6,0x06,0x07,0xC7,0x05,0xC5,0xC4,0x04,
 188              0xCC,0x0C,0x0D,0xCD,0x0F,0xCF,0xCE,0x0E,0x0A,0xCA,0xCB,0x0B,0xC9,0x09,0x08,0xC8,
 189              0xD8,0x18,0x19,0xD9,0x1B,0xDB,0xDA,0x1A,0x1E,0xDE,0xDF,0x1F,0xDD,0x1D,0x1C,0xDC,
 190              0x14,0xD4,0xD5,0x15,0xD7,0x17,0x16,0xD6,0xD2,0x12,0x13,0xD3,0x11,0xD1,0xD0,0x10,
 191              0xF0,0x30,0x31,0xF1,0x33,0xF3,0xF2,0x32,0x36,0xF6,0xF7,0x37,0xF5,0x35,0x34,0xF4,
 192              0x3C,0xFC,0xFD,0x3D,0xFF,0x3F,0x3E,0xFE,0xFA,0x3A,0x3B,0xFB,0x39,0xF9,0xF8,0x38,
 193              0x28,0xE8,0xE9,0x29,0xEB,0x2B,0x2A,0xEA,0xEE,0x2E,0x2F,0xEF,0x2D,0xED,0xEC,0x2C,
 194              0xE4,0x24,0x25,0xE5,0x27,0xE7,0xE6,0x26,0x22,0xE2,0xE3,0x23,0xE1,0x21,0x20,0xE0,
 195              0xA0,0x60,0x61,0xA1,0x63,0xA3,0xA2,0x62,0x66,0xA6,0xA7,0x67,0xA5,0x65,0x64,0xA4,
 196              0x6C,0xAC,0xAD,0x6D,0xAF,0x6F,0x6E,0xAE,0xAA,0x6A,0x6B,0xAB,0x69,0xA9,0xA8,0x68,
 197              0x78,0xB8,0xB9,0x79,0xBB,0x7B,0x7A,0xBA,0xBE,0x7E,0x7F,0xBF,0x7D,0xBD,0xBC,0x7C,
 198              0xB4,0x74,0x75,0xB5,0x77,0xB7,0xB6,0x76,0x72,0xB2,0xB3,0x73,0xB1,0x71,0x70,0xB0,
 199              0x50,0x90,0x91,0x51,0x93,0x53,0x52,0x92,0x96,0x56,0x57,0x97,0x55,0x95,0x94,0x54,
 200              0x9C,0x5C,0x5D,0x9D,0x5F,0x9F,0x9E,0x5E,0x5A,0x9A,0x9B,0x5B,0x99,0x59,0x58,0x98,
 201              0x88,0x48,0x49,0x89,0x4B,0x8B,0x8A,0x4A,0x4E,0x8E,0x8F,0x4F,0x8D,0x4D,0x4C,0x8C,
 202              0x44,0x84,0x85,0x45,0x87,0x47,0x46,0x86,0x82,0x42,0x43,0x83,0x41,0x81,0x80,0x40
 203          };
 204          
 205          /* ---------------------------------------------------------------
 206           * –°—Ç—Ä—É–∫—Ç—É—Ä—ã
 207           * ------------------------------------------------------------- */
 208          
 209          typedef struct
 210          {
 211              u8  year;
 212              u8  month;
 213              u8  day;
 214              u8  weekday;
 215              u8  hour;
 216              u8  min;
 217              u8  sec;
 218          } RtcTime;
 219          
 220          typedef struct
 221          {
 222              u8  active;
 223              u8  prev_speed;
 224              u16 prev_t_set;
 225          } GraphRuntime;
 226          
 227          typedef struct
 228          {
 229              u8  status;
 230              u8  days;
 231              u8  speed;
 232              u8  temp_int;
 233              u8  shour;
 234              u8  smin;
 235              u8  ehour;
 236              u8  emin;
 237          } GraphConfig;
 238          
 239          /* ---------------------------------------------------------------
C51 COMPILER V9.60.7.0   MAIN                                                              12/11/2025 00:43:16 PAGE 5   

 240           * –ì–ª–æ–±–∞–ª—å–Ω—ã–µ –ø–µ—Ä–µ–º–µ–Ω–Ω—ã–µ
 241           * ------------------------------------------------------------- */
 242          
 243          static RtcTime      g_rtc = {25, 1, 25, 6, 0, 0, 0}; /* –≥–æ–¥=25 (2025), –º–µ—Å—è—Ü=1, –¥–µ–Ω—å=25, —Å—É–
             -±–±–æ—Ç–∞ */
 244          static u16   data   SysTick       = 0;
 245          static u16   data   SysTick_RTC   = 0;
 246          static bit          g_rtc_1s_flag = 0;
 247          
 248          static u8           g_onoff   = 2;
 249          static u8           g_speed   = 1;
 250          static u8           g_mode    = 2;
 251          static u16          g_t_set_10x  = 220;
 252          static u16          g_t_real_10x = 220;
 253          static bit          g_valve_open = 1;
 254          static u8           g_graph_en   = 1;
 255          
 256          static GraphConfig  g_graph_cfg[4];
 257          static GraphRuntime g_graph_rt[4];
 258          
 259          
 260          /* Modbus */
 261          static u8           g_mb_addr = 247;    /* –ê–¥—Ä–µ—Å —É—Å—Ç—Ä–æ–π—Å—Ç–≤–∞ */
 262          static u8           g_mb_speed_idx = 7; /* –ò–Ω–¥–µ–∫—Å —Å–∫–æ—Ä–æ—Å—Ç–∏ (7=115200) */
 263          static u8           g_mb_proto = 1;     /* –ü—Ä–æ—Ç–æ–∫–æ–ª (1=8N1) */
 264          
 265          static u8  xdata    g_mb_rx_buf[MODBUS_RX_BUF_SIZE];
 266          static u8           g_mb_rx_cnt = 0;
 267          static u8  xdata    g_mb_tx_buf[MODBUS_TX_BUF_SIZE];
 268          static u8           g_mb_rx_timeout = 0;
 269          static bit          g_mb_frame_ready = 0;
 270          
 271          /* ---------------------------------------------------------------
 272           * –ò–Ω–∏—Ü–∏–∞–ª–∏–∑–∞—Ü–∏—è —Å–∏—Å—Ç–µ–º—ã
 273           * ------------------------------------------------------------- */
 274          
 275          static void init_system(void)
 276          {
 277   1          EA = 0;
 278   1      
 279   1          PAGESEL   = 0x01;
 280   1          D_PAGESEL = 0x02;
 281   1          MUX_SEL   = 0x60;
 282   1          RAMMODE   = 0x00;
 283   1          PORTDRV   = 0x01;
 284   1      
 285   1          IEN0 = 0x00;
 286   1          IEN1 = 0x00;
 287   1          IEN2 = 0x00;
 288   1      
 289   1          /* Timer0: –¥–ª—è RTC (1ms) */
 290   1          TMOD = 0x11;
 291   1          TH0 = (u8)(T1MS >> 8);
 292   1          TL0 = (u8)(T1MS & 0xFF);
 293   1          ET0 = 1;
 294   1          TR0 = 1;
 295   1      
 296   1          /* Timer2: –¥–ª—è delay_ms */
 297   1          T2CON  = 0x70;
 298   1          TH2    = 0x00;
 299   1          TL2    = 0x00;
 300   1          TRL2H  = 0xBC;
C51 COMPILER V9.60.7.0   MAIN                                                              12/11/2025 00:43:16 PAGE 6   

 301   1          TRL2L  = 0xCD;
 302   1          IEN0  |= 0x20;
 303   1          TR2    = 1;
 304   1      
 305   1          EA = 1;
 306   1      }
 307          
 308          /* –ù–∞—Å—Ç—Ä–æ–π–∫–∞ UART5 –¥–ª—è Modbus RTU */
 309          static void uart5_init(u8 speed_idx, u8 proto)
 310          {
 311   1          u16 div_val;
 312   1      
 313   1          (void)proto;  /* –í T5L –∞–ø–ø–∞—Ä–∞—Ç–Ω–æ —Ç–æ–ª—å–∫–æ 8N1 */
*** WARNING C275 IN LINE 313 OF main.c: expression with possibly no effect
 314   1      
 315   1          /* –°–∫–æ—Ä–æ—Å—Ç–∏: 1=2400, 2=4800, 3=9600, 4=19200, 5=38400, 6=57600, 7=115200 */
 316   1          switch (speed_idx)
 317   1          {
 318   2              case 1: div_val = (u16)(FOSC / 8UL / 2400UL);   break;
 319   2              case 2: div_val = (u16)(FOSC / 8UL / 4800UL);   break;
 320   2              case 3: div_val = (u16)(FOSC / 8UL / 9600UL);   break;
 321   2              case 4: div_val = (u16)(FOSC / 8UL / 19200UL);  break;
 322   2              case 5: div_val = (u16)(FOSC / 8UL / 38400UL);  break;
 323   2              case 6: div_val = (u16)(FOSC / 8UL / 57600UL);  break;
 324   2              case 7: div_val = (u16)(FOSC / 8UL / 115200UL); break;
 325   2              default: div_val = (u16)(FOSC / 8UL / 115200UL); break; /* 115200 –ø–æ —É–º–æ–ª—á–∞–Ω–∏—é */
 326   2          }
 327   1      
 328   1          SCON3T = 0x80;      /* TX enable, 8 bit */
 329   1          SCON3R = 0x80;      /* RX enable, 8 bit */
 330   1      
 331   1          BODE3_DIV_H = (u8)(div_val >> 8);
 332   1          BODE3_DIV_L = (u8)(div_val & 0xFF);
 333   1      
 334   1          /* TX-–≤—ã–≤–æ–¥ UART5 (P0.1) –≤ push-pull */
 335   1          P0MDOUT |= 0x02;
 336   1      
 337   1          /* RS-485: –ø–æ —É–º–æ–ª—á–∞–Ω–∏—é —Ä–µ–∂–∏–º –ø—Ä–∏—ë–º–∞ */
 338   1          RS485_TX_EN = 0;
 339   1      
 340   1          /* –í–∫–ª—é—á–∞–µ–º –ø—Ä–µ—Ä—ã–≤–∞–Ω–∏–µ –ø—Ä–∏—ë–º–∞ UART5: ES3R –≤ IEN1 –±–∏—Ç 5 */
 341   1          ES3R = 1;
 342   1      
 343   1          EA = 1;
 344   1      }
 345          
 346          static void init_relays(void)
 347          {
 348   1          P1MDOUT |= (RELAY_VALVE_BIT | RELAY_LOW_BIT | RELAY_HIGH_BIT | RELAY_MID_BIT);
 349   1          RELAY_VALVE = 1;
 350   1          RELAY_LOW   = 0;
 351   1          RELAY_MID   = 0;
 352   1          RELAY_HIGH  = 0;
 353   1          g_valve_open = 1;
 354   1      }
 355          
 356          /* ---------------------------------------------------------------
 357           * –ü—Ä–µ—Ä—ã–≤–∞–Ω–∏—è —Ç–∞–π–º–µ—Ä–æ–≤
 358           * ------------------------------------------------------------- */
 359          
 360          void T0_ISR(void) interrupt 1
 361          {
C51 COMPILER V9.60.7.0   MAIN                                                              12/11/2025 00:43:16 PAGE 7   

 362   1          EA = 0;
 363   1          TH0 = (u8)(T1MS >> 8);
 364   1          TL0 = (u8)(T1MS & 0xFF);
 365   1      
 366   1          ++SysTick_RTC;
 367   1          if (SysTick_RTC >= 1000u)
 368   1          {
 369   2              SysTick_RTC = 0;
 370   2              g_rtc_1s_flag = 1;
 371   2          }
 372   1      
 373   1          /* –¢–∞–π–º–∞—É—Ç Modbus */
 374   1          if (g_mb_rx_timeout > 0)
 375   1          {
 376   2              --g_mb_rx_timeout;
 377   2              if (g_mb_rx_timeout == 0 && g_mb_rx_cnt > 0)
 378   2              {
 379   3                  g_mb_frame_ready = 1;
 380   3              }
 381   2          }
 382   1      
 383   1          EA = 1;
 384   1      }
 385          
 386          void T2_ISR(void) interrupt 5
 387          {
 388   1          EA = 0;
 389   1          TF2 = 0;
 390   1          if (SysTick) --SysTick;
 391   1          EA = 1;
 392   1      }
 393          
 394          /* –ü—Ä–µ—Ä—ã–≤–∞–Ω–∏–µ –ø—Ä–∏—ë–º–∞ UART5 */
 395          void UART5_RX_ISR(void) interrupt 13
 396          {
 397   1          u8 res;
 398   1          EA = 0;
 399   1      
 400   1          if (SCON3R & 0x01)
 401   1          {
 402   2              res = SBUF3_RX;
 403   2              SCON3R &= 0xFE;
 404   2      
 405   2              if (g_mb_rx_cnt < MODBUS_RX_BUF_SIZE)
 406   2              {
 407   3                  g_mb_rx_buf[g_mb_rx_cnt++] = res;
 408   3              }
 409   2              g_mb_rx_timeout = MODBUS_TIMEOUT_MS;
 410   2              g_mb_frame_ready = 0;
 411   2          }
 412   1      
 413   1          EA = 1;
 414   1      }
 415          
 416          static void delay_ms(u16 n)
 417          {
 418   1          SysTick = n;
 419   1          while (SysTick) { }
 420   1      }
 421          
 422          /* ---------------------------------------------------------------
 423           * UART5 –æ—Ç–ø—Ä–∞–≤–∫–∞
C51 COMPILER V9.60.7.0   MAIN                                                              12/11/2025 00:43:16 PAGE 8   

 424           * ------------------------------------------------------------- */
 425          
 426          static void uart5_send_byte(u8 dat)
 427          {
 428   1          SBUF3_TX = dat;
 429   1          while ((SCON3T & 0x01) == 0) ;
 430   1          SCON3T &= 0xFE;
 431   1      }
 432          
 433          static void uart5_send_buf(u8 *buf, u8 len)
 434          {
 435   1          RS485_TX_EN = 1;
 436   1          while (len--)
 437   1          {
 438   2              uart5_send_byte(*buf++);
 439   2          }
 440   1          RS485_TX_EN = 0;
 441   1      }
 442          
 443          /* ---------------------------------------------------------------
 444           * Modbus CRC16
 445           * ------------------------------------------------------------- */
 446          
 447          static u16 modbus_crc16(u8 *buf, u8 len)
 448          {
 449   1          u8 crc_hi = 0xFF;
 450   1          u8 crc_lo = 0xFF;
 451   1          u8 idx;
 452   1      
 453   1          while (len--)
 454   1          {
 455   2              idx = crc_hi ^ *buf++;
 456   2              crc_hi = crc_lo ^ CRC_HI[idx];
 457   2              crc_lo = CRC_LO[idx];
 458   2          }
 459   1      
 460   1          return ((u16)crc_hi << 8) | crc_lo;
 461   1      }
 462          
 463          /* ---------------------------------------------------------------
 464           * –î–æ—Å—Ç—É–ø –∫ VP DGUS
 465           * ------------------------------------------------------------- */
 466          
 467          static void read_dgus_vp(u16 addr, u8 *buf, u16 len)
 468          {
 469   1          u32 os_addr;
 470   1          u16 os_len;
 471   1          u8  offset;
 472   1      
 473   1          os_addr = (u32)addr / 2U;
 474   1          offset  = (u8)(addr & 0x01);
 475   1      
 476   1          ADR_H = (u8)((os_addr >> 16) & 0xFFU);
 477   1          ADR_M = (u8)((os_addr >> 8)  & 0xFFU);
 478   1          ADR_L = (u8)(os_addr & 0xFFU);
 479   1      
 480   1          ADR_INC = 1;
 481   1          RAMMODE = 0xAF;
 482   1      
 483   1          if (offset)
 484   1          {
 485   2              while (!APP_ACK) ;
C51 COMPILER V9.60.7.0   MAIN                                                              12/11/2025 00:43:16 PAGE 9   

 486   2              APP_EN = 1;
 487   2              while (APP_EN) ;
 488   2              *buf++ = DATA1;
 489   2              *buf++ = DATA0;
 490   2              --len;
 491   2          }
 492   1      
 493   1          os_len = len / 2U;
 494   1          if (len & 0x01) ++os_len;
 495   1      
 496   1          while (os_len--)
 497   1          {
 498   2              if ((len & 0x01) && (os_len == 0))
 499   2              {
 500   3                  while (!APP_ACK) ;
 501   3                  APP_EN = 1;
 502   3                  while (APP_EN) ;
 503   3                  *buf++ = DATA3;
 504   3                  *buf++ = DATA2;
 505   3                  break;
 506   3              }
 507   2      
 508   2              while (!APP_ACK) ;
 509   2              APP_EN = 1;
 510   2              while (APP_EN) ;
 511   2              *buf++ = DATA3;
 512   2              *buf++ = DATA2;
 513   2              *buf++ = DATA1;
 514   2              *buf++ = DATA0;
 515   2          }
 516   1      
 517   1          RAMMODE = 0x00;
 518   1      }
 519          
 520          static void write_dgus_vp(u16 vp_addr, const u8 *buf, u16 len)
 521          {
 522   1          u32 os_addr;
 523   1          u16 os_len;
 524   1          u8  odd;
 525   1      
 526   1          EA = 0;
 527   1      
 528   1          os_addr = (u32)vp_addr / 2U;
 529   1          odd     = (u8)(vp_addr & 0x01);
 530   1      
 531   1          ADR_H = (u8)((os_addr >> 16) & 0xFFU);
 532   1          ADR_M = (u8)((os_addr >> 8)  & 0xFFU);
 533   1          ADR_L = (u8)(os_addr & 0xFFU);
 534   1      
 535   1          ADR_INC = 0x01;
 536   1          RAMMODE = 0x8F;
 537   1      
 538   1          if (odd)
 539   1          {
 540   2              ADR_INC = 0x00;
 541   2              RAMMODE = 0xAF;
 542   2              while (!APP_ACK) ;
 543   2              APP_EN = 1;
 544   2              while (APP_EN) ;
 545   2      
 546   2              ADR_INC = 0x01;
 547   2              RAMMODE = 0x8F;
C51 COMPILER V9.60.7.0   MAIN                                                              12/11/2025 00:43:16 PAGE 10  

 548   2              while (!APP_ACK) ;
 549   2              DATA1 = *buf++;
 550   2              DATA0 = *buf++;
 551   2              APP_EN = 1;
 552   2              while (APP_EN) ;
 553   2              --len;
 554   2          }
 555   1      
 556   1          os_len = len / 2U;
 557   1          if (len & 0x01) ++os_len;
 558   1      
 559   1          while (os_len--)
 560   1          {
 561   2              if ((len & 0x01) && (os_len == 0))
 562   2              {
 563   3                  ADR_INC = 0x00;
 564   3                  RAMMODE = 0xAF;
 565   3                  while (!APP_ACK) ;
 566   3                  APP_EN = 1;
 567   3                  while (APP_EN) ;
 568   3      
 569   3                  ADR_INC = 0x01;
 570   3                  RAMMODE = 0x8F;
 571   3                  while (!APP_ACK) ;
 572   3                  DATA3 = *buf++;
 573   3                  DATA2 = *buf++;
 574   3                  APP_EN = 1;
 575   3                  while (APP_EN) ;
 576   3                  break;
 577   3              }
 578   2      
 579   2              while (!APP_ACK) ;
 580   2              DATA3 = *buf++;
 581   2              DATA2 = *buf++;
 582   2              DATA1 = *buf++;
 583   2              DATA0 = *buf++;
 584   2              APP_EN = 1;
 585   2              while (APP_EN) ;
 586   2          }
 587   1      
 588   1          RAMMODE = 0x00;
 589   1          EA = 1;
 590   1      }
 591          
 592          static void write_vp_u16(u16 vp_addr, u16 value)
 593          {
 594   1          u8 buf[2];
 595   1          buf[0] = (u8)(value >> 8);
 596   1          buf[1] = (u8)(value & 0xFF);
 597   1          write_dgus_vp(vp_addr, buf, 1);  /* len=1 —Å–ª–æ–≤–æ (2 –±–∞–π—Ç–∞) */
 598   1      }
 599          
 600          static u16 read_vp_u16(u16 vp_addr)
 601          {
 602   1          u8 buf[2];
 603   1          read_dgus_vp(vp_addr, buf, 1);
 604   1          return ((u16)buf[0] << 8) | buf[1];
 605   1      }
 606          
 607          /* ---------------------------------------------------------------
 608           * Modbus: —á—Ç–µ–Ω–∏–µ/–∑–∞–ø–∏—Å—å —Ä–µ–≥–∏—Å—Ç—Ä–æ–≤
 609           * ------------------------------------------------------------- */
C51 COMPILER V9.60.7.0   MAIN                                                              12/11/2025 00:43:16 PAGE 11  

 610          
 611          /* –ß—Ç–µ–Ω–∏–µ –∑–Ω–∞—á–µ–Ω–∏—è Modbus —Ä–µ–≥–∏—Å—Ç—Ä–∞ –ø–æ –∞–¥—Ä–µ—Å—É */
 612          static u16 modbus_read_reg(u16 addr)
 613          {
 614   1          /* –ì—Ä–∞—Ñ–∏–∫–∏ 1..4: –ø—Ä–æ—Å—Ç–æ –ø—Ä–æ–±—Ä–∞—Å—ã–≤–∞–µ–º –∑–Ω–∞—á–µ–Ω–∏—è VP */
 615   1          if (addr >= 0x2020 && addr <= 0x2057)
 616   1          {
 617   2              return read_vp_u16(addr);
 618   2          }
 619   1      
 620   1          switch (addr)
 621   1          {
 622   2              /* –î–∞—Ç–∞/–≤—Ä–µ–º—è (—Ç–æ–ª—å–∫–æ —á—Ç–µ–Ω–∏–µ) */
 623   2              case 0x2010: return 2000u + g_rtc.year;
 624   2              case 0x2011: return g_rtc.month;
 625   2              case 0x2012: return g_rtc.day;
 626   2              case 0x2013: return g_rtc.weekday;
 627   2              case 0x2014: return g_rtc.hour;
 628   2              case 0x2015: return g_rtc.min;
 629   2              case 0x2016: return g_rtc.sec;
 630   2      
 631   2              /* –û—Å–Ω–æ–≤–Ω—ã–µ —Ä–µ–≥–∏—Å—Ç—Ä—ã */
 632   2              case 0x2060: return g_onoff;
 633   2              case 0x2061: return g_speed;
 634   2              case 0x2062: return g_mode;
 635   2              case 0x2063: return g_t_real_10x;
 636   2              case 0x2064: return g_t_real_10x / 10u;
 637   2              case 0x2065: return g_t_set_10x;
 638   2              case 0x2066: return g_t_set_10x / 10u;
 639   2              case 0x2067: return g_graph_en;
 640   2      
 641   2              /* –ù–∞—Å—Ç—Ä–æ–π–∫–∏ Modbus */
 642   2              case 0x2070: return g_mb_addr;
 643   2              case 0x2071: return g_mb_speed_idx;
 644   2              case 0x2072: return g_mb_proto;
 645   2      
 646   2              default:     return 0;
 647   2          }
 648   1      }
 649          
 650          /* –ó–∞–ø–∏—Å—å –∑–Ω–∞—á–µ–Ω–∏—è –≤ Modbus —Ä–µ–≥–∏—Å—Ç—Ä */
 651          static u8 modbus_write_reg(u16 addr, u16 value)
 652          {
 653   1          /* –ì—Ä–∞—Ñ–∏–∫–∏ 1..4: –ø–∏—à–µ–º –Ω–∞–ø—Ä—è–º—É—é –≤ VP, –∑–Ω–∞—á–µ–Ω–∏—è –ø—Ä–æ–≤–µ—Ä—è—é—Ç—Å—è —É–
             -∂–µ –ª–æ–≥–∏–∫–æ–π –≥—Ä–∞—Ñ–∏–∫–æ–≤ */
 654   1          if (addr >= 0x2020 && addr <= 0x2057)
 655   1          {
 656   2              write_vp_u16(addr, value);
 657   2              return 1;
 658   2          }
 659   1      
 660   1          switch (addr)
 661   1          {
 662   2              case 0x2060:  /* ON/OFF */
 663   2                  if (value == 1 || value == 2)
 664   2                  {
 665   3                      g_onoff = (u8)value;
 666   3                      write_vp_u16(VP_ONOFF, value);
 667   3                      return 1;
 668   3                  }
 669   2                  break;
 670   2      
C51 COMPILER V9.60.7.0   MAIN                                                              12/11/2025 00:43:16 PAGE 12  

 671   2              case 0x2061:  /* –°–∫–æ—Ä–æ—Å—Ç—å */
 672   2                  if (value >= 1 && value <= 4)
 673   2                  {
 674   3                      g_speed = (u8)value;
 675   3                      write_vp_u16(VP_SPEED, value);
 676   3                      return 1;
 677   3                  }
 678   2                  break;
 679   2      
 680   2              case 0x2062:  /* –†–µ–∂–∏–º */
 681   2                  if (value == 1 || value == 2)
 682   2                  {
 683   3                      g_mode = (u8)value;
 684   3                      write_vp_u16(VP_MODE, value);
 685   3                      return 1;
 686   3                  }
 687   2                  break;
 688   2      
 689   2              case 0x2065:  /* –£—Å—Ç–∞–≤–∫–∞ —Ç–µ–º–ø–µ—Ä–∞—Ç—É—Ä—ã (*10) */
 690   2                  if (value >= 160 && value <= 320)
 691   2                  {
 692   3                      g_t_set_10x = value;
 693   3                      write_vp_u16(VP_T_SET_10X, value);
 694   3                      write_vp_u16(VP_T_SET_INT, value / 10u);
 695   3                      return 1;
 696   3                  }
 697   2                  break;
 698   2      
 699   2              case 0x2067:  /* –ì—Ä–∞—Ñ–∏–∫–∏ –≤–∫–ª/–≤—ã–∫–ª */
 700   2                  if (value == 1 || value == 2)
 701   2                  {
 702   3                      g_graph_en = (u8)value;
 703   3                      write_vp_u16(VP_GRAPH_EN, value);
 704   3                      return 1;
 705   3                  }
 706   2                  break;
 707   2      
 708   2              case 0x2070:  /* –ê–¥—Ä–µ—Å Modbus */
 709   2                  if (value >= 1 && value <= 247)
 710   2                  {
 711   3                      g_mb_addr = (u8)value;
 712   3                      write_vp_u16(VP_MB_ADDR, value);
 713   3                      return 1;
 714   3                  }
 715   2                  break;
 716   2      
 717   2              case 0x2071:  /* –°–∫–æ—Ä–æ—Å—Ç—å Modbus */
 718   2                  if (value >= 1 && value <= 7)
 719   2                  {
 720   3                      g_mb_speed_idx = (u8)value;
 721   3                      write_vp_u16(VP_MB_SPEED, value);
 722   3                      uart5_init(g_mb_speed_idx, g_mb_proto);
 723   3                      return 1;
 724   3                  }
 725   2                  break;
 726   2      
 727   2              case 0x2072:  /* –ü—Ä–æ—Ç–æ–∫–æ–ª Modbus (—Ö—Ä–∞–Ω–∏–º, –Ω–æ —Ñ–∏–∑–∏—á–µ—Å–∫–∏ –ø–æ–∫–∞ 8N1) */
 728   2                  if (value >= 1 && value <= 6)
 729   2                  {
 730   3                      g_mb_proto = (u8)value;
 731   3                      write_vp_u16(VP_MB_PROTO, value);
 732   3                      /* uart5_init(...) –æ—Å—Ç–∞–≤–ª—è–µ–º ‚Äî –≤–¥—Ä—É–≥ –ø–æ—Ç–æ–º —Ä–µ–∞–ª–∏–∑—É–µ—Ç–µ –ø–æ–
C51 COMPILER V9.60.7.0   MAIN                                                              12/11/2025 00:43:16 PAGE 13  

             -¥–¥–µ—Ä–∂–∫—É parity */
 733   3                      uart5_init(g_mb_speed_idx, g_mb_proto);
 734   3                      return 1;
 735   3                  }
 736   2                  break;
 737   2          }
 738   1      
 739   1          return 0;
 740   1      }
 741          
 742          /* –ü—Ä–æ–≤–µ—Ä–∫–∞ –¥–æ–ø—É—Å—Ç–∏–º–æ—Å—Ç–∏ –∞–¥—Ä–µ—Å–∞ —Ä–µ–≥–∏—Å—Ç—Ä–∞ */
 743          static u8 modbus_addr_valid(u16 addr)
 744          {
 745   1          if (addr >= 0x2010 && addr <= 0x2016) return 1;  /* –î–∞—Ç–∞/–≤—Ä–µ–º—è */
 746   1          if (addr >= 0x2020 && addr <= 0x2057) return 1;  /* –ì—Ä–∞—Ñ–∏–∫–∏ 1..4 */
 747   1          if (addr >= 0x2060 && addr <= 0x2067) return 1;  /* –û—Å–Ω–æ–≤–Ω—ã–µ —Ä–µ–≥–∏—Å—Ç—Ä—ã */
 748   1          if (addr >= 0x2070 && addr <= 0x2072) return 1;  /* –ù–∞—Å—Ç—Ä–æ–π–∫–∏ Modbus */
 749   1          return 0;
 750   1      }
 751          
 752          /* ---------------------------------------------------------------
 753           * –û–±—Ä–∞–±–æ—Ç–∫–∞ Modbus RTU —Ñ—Ä–µ–π–º–∞
 754           * ------------------------------------------------------------- */
 755          
 756          static void modbus_process_frame(void)
 757          {
 758   1          u8 addr, func;
 759   1          u16 reg_addr, reg_cnt, reg_val;
 760   1          u16 crc_recv, crc_calc;
 761   1          u8 i, tx_len;
 762   1      
 763   1          if (g_mb_rx_cnt < 4) goto cleanup;
 764   1      
 765   1          /* –ü—Ä–æ–≤–µ—Ä–∫–∞ CRC */
 766   1          crc_calc = modbus_crc16(g_mb_rx_buf, g_mb_rx_cnt - 2);
 767   1          crc_recv = ((u16)g_mb_rx_buf[g_mb_rx_cnt - 1] << 8) | g_mb_rx_buf[g_mb_rx_cnt - 2];
 768   1      
 769   1          if (crc_calc != crc_recv) goto cleanup;
 770   1      
 771   1          addr = g_mb_rx_buf[0];
 772   1          func = g_mb_rx_buf[1];
 773   1      
 774   1          /* –ü—Ä–æ–≤–µ—Ä–∫–∞ –∞–¥—Ä–µ—Å–∞ */
 775   1          if (addr != g_mb_addr && addr != 0) goto cleanup;
 776   1      
 777   1          /* –û–±—Ä–∞–±–æ—Ç–∫–∞ —Ñ—É–Ω–∫—Ü–∏–π */
 778   1          switch (func)
 779   1          {
 780   2              case MB_FUNC_READ_REGS:  /* 0x03: Read Holding Registers */
 781   2                  if (g_mb_rx_cnt < 8) goto cleanup;
 782   2      
 783   2                  reg_addr = ((u16)g_mb_rx_buf[2] << 8) | g_mb_rx_buf[3];
 784   2                  reg_cnt  = ((u16)g_mb_rx_buf[4] << 8) | g_mb_rx_buf[5];
 785   2      
 786   2                  if (reg_cnt == 0 || reg_cnt > 125) goto send_error_value;
 787   2      
 788   2                  /* –ü—Ä–æ–≤–µ—Ä–∫–∞ –∞–¥—Ä–µ—Å–æ–≤ */
 789   2                  for (i = 0; i < reg_cnt; ++i)
 790   2                  {
 791   3                      if (!modbus_addr_valid(reg_addr + i)) goto send_error_addr;
 792   3                  }
 793   2      
C51 COMPILER V9.60.7.0   MAIN                                                              12/11/2025 00:43:16 PAGE 14  

 794   2                  /* –§–æ—Ä–º–∏—Ä—É–µ–º –æ—Ç–≤–µ—Ç */
 795   2                  g_mb_tx_buf[0] = addr;
 796   2                  g_mb_tx_buf[1] = func;
 797   2                  g_mb_tx_buf[2] = (u8)(reg_cnt * 2);
 798   2                  tx_len = 3;
 799   2      
 800   2                  for (i = 0; i < reg_cnt; ++i)
 801   2                  {
 802   3                      reg_val = modbus_read_reg(reg_addr + i);
 803   3                      g_mb_tx_buf[tx_len++] = (u8)(reg_val >> 8);
 804   3                      g_mb_tx_buf[tx_len++] = (u8)(reg_val & 0xFF);
 805   3                  }
 806   2      
 807   2                  /* CRC */
 808   2                  crc_calc = modbus_crc16(g_mb_tx_buf, tx_len);
 809   2                  g_mb_tx_buf[tx_len++] = (u8)(crc_calc & 0xFF);
 810   2                  g_mb_tx_buf[tx_len++] = (u8)(crc_calc >> 8);
 811   2      
 812   2                  if (addr != 0) uart5_send_buf(g_mb_tx_buf, tx_len);
 813   2                  break;
 814   2      
 815   2              case MB_FUNC_WRITE_REG:  /* 0x06: Write Single Register */
 816   2                  if (g_mb_rx_cnt < 8) goto cleanup;
 817   2      
 818   2                  reg_addr = ((u16)g_mb_rx_buf[2] << 8) | g_mb_rx_buf[3];
 819   2                  reg_val  = ((u16)g_mb_rx_buf[4] << 8) | g_mb_rx_buf[5];
 820   2      
 821   2                  if (!modbus_addr_valid(reg_addr)) goto send_error_addr;
 822   2      
 823   2                  if (!modbus_write_reg(reg_addr, reg_val)) goto send_error_value;
 824   2      
 825   2                  /* –û—Ç–≤–µ—Ç = —ç—Ö–æ –∑–∞–ø—Ä–æ—Å–∞ */
 826   2                  if (addr != 0)
 827   2                  {
 828   3                      uart5_send_buf(g_mb_rx_buf, g_mb_rx_cnt);
 829   3                  }
 830   2                  break;
 831   2      
 832   2              case MB_FUNC_WRITE_REGS:  /* 0x10: Write Multiple Registers */
 833   2                  if (g_mb_rx_cnt < 9) goto cleanup;
 834   2      
 835   2                  reg_addr = ((u16)g_mb_rx_buf[2] << 8) | g_mb_rx_buf[3];
 836   2                  reg_cnt  = ((u16)g_mb_rx_buf[4] << 8) | g_mb_rx_buf[5];
 837   2      
 838   2                  if (reg_cnt == 0 || reg_cnt > 123) goto send_error_value;
 839   2                  if (g_mb_rx_cnt < (9 + reg_cnt * 2)) goto cleanup;
 840   2      
 841   2                  /* –ü—Ä–æ–≤–µ—Ä–∫–∞ –∏ –∑–∞–ø–∏—Å—å */
 842   2                  for (i = 0; i < reg_cnt; ++i)
 843   2                  {
 844   3                      if (!modbus_addr_valid(reg_addr + i)) goto send_error_addr;
 845   3                  }
 846   2      
 847   2                  for (i = 0; i < reg_cnt; ++i)
 848   2                  {
 849   3                      reg_val = ((u16)g_mb_rx_buf[7 + i * 2] << 8) | g_mb_rx_buf[8 + i * 2];
 850   3                      modbus_write_reg(reg_addr + i, reg_val);
 851   3                  }
 852   2      
 853   2                  /* –§–æ—Ä–º–∏—Ä—É–µ–º –æ—Ç–≤–µ—Ç */
 854   2                  g_mb_tx_buf[0] = addr;
 855   2                  g_mb_tx_buf[1] = func;
C51 COMPILER V9.60.7.0   MAIN                                                              12/11/2025 00:43:16 PAGE 15  

 856   2                  g_mb_tx_buf[2] = g_mb_rx_buf[2];
 857   2                  g_mb_tx_buf[3] = g_mb_rx_buf[3];
 858   2                  g_mb_tx_buf[4] = g_mb_rx_buf[4];
 859   2                  g_mb_tx_buf[5] = g_mb_rx_buf[5];
 860   2      
 861   2                  crc_calc = modbus_crc16(g_mb_tx_buf, 6);
 862   2                  g_mb_tx_buf[6] = (u8)(crc_calc & 0xFF);
 863   2                  g_mb_tx_buf[7] = (u8)(crc_calc >> 8);
 864   2      
 865   2                  if (addr != 0) uart5_send_buf(g_mb_tx_buf, 8);
 866   2                  break;
 867   2      
 868   2              default:
 869   2                  goto send_error_func;
 870   2          }
 871   1      
 872   1          goto cleanup;
 873   1      
 874   1      send_error_func:
 875   1          g_mb_tx_buf[0] = addr;
 876   1          g_mb_tx_buf[1] = func | 0x80;
 877   1          g_mb_tx_buf[2] = MB_ERR_ILLEGAL_FUNC;
 878   1          crc_calc = modbus_crc16(g_mb_tx_buf, 3);
 879   1          g_mb_tx_buf[3] = (u8)(crc_calc & 0xFF);
 880   1          g_mb_tx_buf[4] = (u8)(crc_calc >> 8);
 881   1          if (addr != 0) uart5_send_buf(g_mb_tx_buf, 5);
 882   1          goto cleanup;
 883   1      
 884   1      send_error_addr:
 885   1          g_mb_tx_buf[0] = addr;
 886   1          g_mb_tx_buf[1] = func | 0x80;
 887   1          g_mb_tx_buf[2] = MB_ERR_ILLEGAL_ADDR;
 888   1          crc_calc = modbus_crc16(g_mb_tx_buf, 3);
 889   1          g_mb_tx_buf[3] = (u8)(crc_calc & 0xFF);
 890   1          g_mb_tx_buf[4] = (u8)(crc_calc >> 8);
 891   1          if (addr != 0) uart5_send_buf(g_mb_tx_buf, 5);
 892   1          goto cleanup;
 893   1      
 894   1      send_error_value:
 895   1          g_mb_tx_buf[0] = addr;
 896   1          g_mb_tx_buf[1] = func | 0x80;
 897   1          g_mb_tx_buf[2] = MB_ERR_ILLEGAL_VALUE;
 898   1          crc_calc = modbus_crc16(g_mb_tx_buf, 3);
 899   1          g_mb_tx_buf[3] = (u8)(crc_calc & 0xFF);
 900   1          g_mb_tx_buf[4] = (u8)(crc_calc >> 8);
 901   1          if (addr != 0) uart5_send_buf(g_mb_tx_buf, 5);
 902   1      
 903   1      cleanup:
 904   1          g_mb_rx_cnt = 0;
 905   1          g_mb_frame_ready = 0;
 906   1      }
 907          
 908          /* ---------------------------------------------------------------
 909           * –£–ø—Ä–∞–≤–ª–µ–Ω–∏–µ —Ä–µ–ª–µ
 910           * ------------------------------------------------------------- */
 911          
 912          static void relays_speeds_off(void)
 913          {
 914   1          RELAY_LOW  = 0;
 915   1          RELAY_MID  = 0;
 916   1          RELAY_HIGH = 0;
 917   1      }
C51 COMPILER V9.60.7.0   MAIN                                                              12/11/2025 00:43:16 PAGE 16  

 918          
 919          static void set_valve(bit open)
 920          {
 921   1          RELAY_VALVE = open ? 1 : 0;
 922   1          g_valve_open = open;
 923   1      }
 924          
 925          static void set_speed_relays(u8 speed)
 926          {
 927   1          relays_speeds_off();
 928   1          switch (speed)
 929   1          {
 930   2              case 1: RELAY_LOW = 1;  break;
 931   2              case 2: RELAY_MID = 1;  break;
 932   2              case 3: RELAY_HIGH = 1; break;
 933   2          }
 934   1      }
 935          
 936          static void apply_off_state(void)
 937          {
 938   1          relays_speeds_off();
 939   1          set_valve(1);
 940   1      }
 941          
 942          /* ---------------------------------------------------------------
 943           * RTC
 944           * ------------------------------------------------------------- */
 945          
 946          static bit is_leap_year(u16 year)
 947          {
 948   1          if ((year % 400u) == 0u) return 1;
 949   1          if ((year % 100u) == 0u) return 0;
 950   1          if ((year % 4u) == 0u) return 1;
 951   1          return 0;
 952   1      }
 953          
 954          static u8 calc_weekday(u8 year, u8 month, u8 day)
 955          {
 956   1          /* –§–æ—Ä–º—É–ª–∞ –¢–æ–º–æ—Ö–∏–∫–æ –°–∞–∫–∞–º–æ—Ç–æ - –ø—Ä–æ–≤–µ—Ä–µ–Ω–Ω—ã–π –∞–ª–≥–æ—Ä–∏—Ç–º */
 957   1          static const u8 code t[] = {0, 3, 2, 5, 0, 3, 5, 1, 4, 6, 2, 4};
 958   1          u16 y = (u16)year + 2000u;
 959   1          u8 m = month;
 960   1          u8 d = day;
 961   1          u16 result;
 962   1          
 963   1          if (m < 3) y--;
 964   1          
 965   1          result = (y + y/4u - y/100u + y/400u + t[m - 1u] + d) % 7u;
 966   1          
 967   1          /* –†–µ–∑—É–ª—å—Ç–∞—Ç: 0=–í—Å, 1=–ü–Ω, 2=–í—Ç, 3=–°—Ä, 4=–ß—Ç, 5=–ü—Ç, 6=–°–±
 968   1           * –ö–æ–Ω–≤–µ—Ä—Ç–∏—Ä—É–µ–º –≤: 1=–ü–Ω, 2=–í—Ç, 3=–°—Ä, 4=–ß—Ç, 5=–ü—Ç, 6=–°–±, 7=–í—Å */
 969   1          if (result == 0) return 7u;  /* –í–æ—Å–∫—Ä–µ—Å–µ–Ω—å–µ */
 970   1          return (u8)result;
 971   1      }
 972          
 973          static void rtc_tick_1s(void)
 974          {
 975   1          u8 dim;
 976   1      
 977   1          g_rtc.sec++;
 978   1          if (g_rtc.sec >= 60)
 979   1          {
C51 COMPILER V9.60.7.0   MAIN                                                              12/11/2025 00:43:16 PAGE 17  

 980   2              g_rtc.sec = 0;
 981   2              g_rtc.min++;
 982   2              if (g_rtc.min >= 60)
 983   2              {
 984   3                  g_rtc.min = 0;
 985   3                  g_rtc.hour++;
 986   3                  if (g_rtc.hour >= 24)
 987   3                  {
 988   4                      g_rtc.hour = 0;
 989   4                      g_rtc.day++;
 990   4      
 991   4                      dim = mon_table[g_rtc.month - 1];
 992   4                      if ((g_rtc.month == 2) && is_leap_year((u16)g_rtc.year + 2000u))
 993   4                          dim = 29;
 994   4      
 995   4                      if (g_rtc.day > dim)
 996   4                      {
 997   5                          g_rtc.day = 1;
 998   5                          g_rtc.month++;
 999   5                          if (g_rtc.month > 12)
1000   5                          {
1001   6                              g_rtc.month = 1;
1002   6                              g_rtc.year++;
1003   6                          }
1004   5                      }
1005   4      
1006   4                      g_rtc.weekday = calc_weekday(g_rtc.year, g_rtc.month, g_rtc.day);
1007   4                  }
1008   3              }
1009   2          }
1010   1      }
1011          
1012          static void rtc_read_from_dgus(void)
1013          {
1014   1          u16 vp_year, vp_month, vp_day, vp_hour, vp_min, vp_sec;
1015   1          u8 year_ok = 0, month_ok = 0, day_ok = 0;
1016   1          
1017   1          /* –ß–∏—Ç–∞–µ–º –∏–∑ VP —Ä–µ–≥–∏—Å—Ç—Ä–æ–≤ UI (0x2010-0x2016) */
1018   1          vp_year  = read_vp_u16(VP_YEAR);
1019   1          vp_month = read_vp_u16(VP_MONTH);
1020   1          vp_day   = read_vp_u16(VP_DAY);
1021   1          vp_hour  = read_vp_u16(VP_HOUR);
1022   1          vp_min   = read_vp_u16(VP_MIN);
1023   1          vp_sec   = read_vp_u16(VP_SEC);
1024   1          
1025   1          /* –ì–æ–¥: 2000-2100 */
1026   1          if (vp_year >= 2000 && vp_year <= 2100)
1027   1          {
1028   2              g_rtc.year = (u8)(vp_year - 2000);
1029   2              year_ok = 1;
1030   2          }
1031   1          
1032   1          /* –ú–µ—Å—è—Ü: 101-112 (—Ñ–æ—Ä–º–∞—Ç +100) –∏–ª–∏ 1-12 (–ø—Ä—è–º–æ–π) */
1033   1          if (vp_month >= 101 && vp_month <= 112)
1034   1          {
1035   2              g_rtc.month = (u8)(vp_month - 100);
1036   2              month_ok = 1;
1037   2          }
1038   1          else if (vp_month >= 1 && vp_month <= 12)
1039   1          {
1040   2              g_rtc.month = (u8)vp_month;
1041   2              month_ok = 1;
C51 COMPILER V9.60.7.0   MAIN                                                              12/11/2025 00:43:16 PAGE 18  

1042   2          }
1043   1          
1044   1          /* –î–µ–Ω—å: 101-131 (—Ñ–æ—Ä–º–∞—Ç +100) –∏–ª–∏ 1-31 (–ø—Ä—è–º–æ–π) */
1045   1          if (vp_day >= 101 && vp_day <= 131)
1046   1          {
1047   2              g_rtc.day = (u8)(vp_day - 100);
1048   2              day_ok = 1;
1049   2          }
1050   1          else if (vp_day >= 1 && vp_day <= 31)
1051   1          {
1052   2              g_rtc.day = (u8)vp_day;
1053   2              day_ok = 1;
1054   2          }
1055   1          
1056   1          /* –ß–∞—Å: 100-123 (—Ñ–æ—Ä–º–∞—Ç +100) –∏–ª–∏ 0-23 (–ø—Ä—è–º–æ–π) */
1057   1          if (vp_hour >= 100 && vp_hour <= 123)
1058   1              g_rtc.hour = (u8)(vp_hour - 100);
1059   1          else if (vp_hour <= 23)
1060   1              g_rtc.hour = (u8)vp_hour;
1061   1          
1062   1          /* –ú–∏–Ω—É—Ç—ã: 100-159 (—Ñ–æ—Ä–º–∞—Ç +100) –∏–ª–∏ 0-59 (–ø—Ä—è–º–æ–π) */
1063   1          if (vp_min >= 100 && vp_min <= 159)
1064   1              g_rtc.min = (u8)(vp_min - 100);
1065   1          else if (vp_min <= 59)
1066   1              g_rtc.min = (u8)vp_min;
1067   1          
1068   1          /* –°–µ–∫—É–Ω–¥—ã: 100-159 (—Ñ–æ—Ä–º–∞—Ç +100) –∏–ª–∏ 0-59 (–ø—Ä—è–º–æ–π) */
1069   1          if (vp_sec >= 100 && vp_sec <= 159)
1070   1              g_rtc.sec = (u8)(vp_sec - 100);
1071   1          else if (vp_sec <= 59)
1072   1              g_rtc.sec = (u8)vp_sec;
1073   1      
1074   1          g_rtc.weekday = calc_weekday(g_rtc.year, g_rtc.month, g_rtc.day);
1075   1      }
1076          
1077          static void rtc_publish_to_vp(void)
1078          {
1079   1          u8 day_val   = (g_rtc.day   >= 1 && g_rtc.day   <= 31) ? g_rtc.day   : 1;
1080   1          u8 month_val = (g_rtc.month >= 1 && g_rtc.month <= 12) ? g_rtc.month : 1;
1081   1      
1082   1          write_vp_u16(VP_YEAR,    2000u + g_rtc.year);
1083   1          write_vp_u16(VP_MONTH,   100u + month_val);   /* min 101, max 112 */
1084   1          write_vp_u16(VP_DAY,     100u + day_val);     /* min 101, max 131 */
1085   1          write_vp_u16(VP_WEEKDAY, g_rtc.weekday);
1086   1          write_vp_u16(VP_HOUR,    100u + g_rtc.hour);
1087   1          write_vp_u16(VP_MIN,     100u + g_rtc.min);
1088   1          write_vp_u16(VP_SEC,     100u + g_rtc.sec);
1089   1      }
1090          
1091          /* ---------------------------------------------------------------
1092           * –¢–µ–º–ø–µ—Ä–∞—Ç—É—Ä–∞
1093           * ------------------------------------------------------------- */
1094          
1095          
1096          /* –ì–ª–æ–±–∞–ª—å–Ω—ã–µ –ø–µ—Ä–µ–º–µ–Ω–Ω—ã–µ –¥–ª—è —Ç–µ–º–ø–µ—Ä–∞—Ç—É—Ä—ã */
1097          static u16 adc_val[8] = {0};
1098          static u16 adc_value[8] = {0};
1099          static u16 R1_value = 0;
1100          static u16 R2_value = 0;
1101          static u16 R1_Temperature = 0;
1102          static u16 R2_Temperature = 0;
1103          static u16 Temperature_Real = 0;
C51 COMPILER V9.60.7.0   MAIN                                                              12/11/2025 00:43:16 PAGE 19  

1104          static u16 Temperatrue_Real_Old = 0;
1105          static u16 AD_Count = 0;
1106          static u16 Temp_Pre = 10;           /* –®–∞–≥ –≤ –¥–µ—Å—è—Ç—ã—Ö –≥—Ä–∞–¥—É—Å–∞: 5=0.5¬∞C, 10=1¬∞C */
1107          static s16 Temp_Coef[3] = {0, 0, 0}; /* K1, K2, C - –±—É–¥—É—Ç –∑–∞–≥—Ä—É–∂–µ–Ω—ã –∏–∑ VP –∏–ª–∏ —É—Å—Ç–∞–
             -Ω–æ–≤–ª–µ–Ω—ã –¥–µ—Ñ–æ–ª—Ç–æ–º */
1108          
1109          /* –°–∫–æ–ª—å–∑—è—â–µ–µ —Å—Ä–µ–¥–Ω–µ–µ –¥–ª—è –¥–æ–ø–æ–ª–Ω–∏—Ç–µ–ª—å–Ω–æ–π —Ñ–∏–ª—å—Ç—Ä–∞—Ü–∏–∏ */
1110          #define TEMP_FILTER_SIZE 16  /* –£–≤–µ–ª–∏—á–µ–Ω–æ –¥–ª—è –ª—É—á—à–µ–π —Å—Ç–∞–±–∏–ª—å–Ω–æ—Å—Ç–∏ */
1111          static u16 temp_filter_buf[TEMP_FILTER_SIZE];
1112          static u8 temp_filter_idx = 0;
1113          static bit temp_filter_init = 0;  /* –§–ª–∞–≥ –ø–µ—Ä–≤–æ–π –∏–Ω–∏—Ü–∏–∞–ª–∏–∑–∞—Ü–∏–∏ */
1114          
1115          /* –ó–∞–≥—Ä—É–∑–∫–∞ –∫–∞–ª–∏–±—Ä–æ–≤–æ—á–Ω—ã—Ö –∫–æ—ç—Ñ—Ñ–∏—Ü–∏–µ–Ω—Ç–æ–≤ —Ç–µ–º–ø–µ—Ä–∞—Ç—É—Ä—ã */
1116          static void init_temperature_calibration(void)
1117          {
1118   1          u16 prec;
1119   1      
1120   1          /* –¢–æ—á–Ω–æ—Å—Ç—å: 0 ‚Üí 0.5¬∞C (Temp_Pre=5), 1 ‚Üí 1.0¬∞C (Temp_Pre=10) */
1121   1          prec = read_vp_u16(VP_T_PRECISION);
1122   1          if (prec == 0)
1123   1          {
1124   2              Temp_Pre = 5;
1125   2          }
1126   1          else if (prec == 1)
1127   1          {
1128   2              Temp_Pre = 10;
1129   2          }
1130   1          else
1131   1          {
1132   2              Temp_Pre = 10;
1133   2              write_vp_u16(VP_T_PRECISION, 1);
1134   2          }
1135   1      
1136   1          /* –ö–æ—ç—Ñ—Ñ–∏—Ü–∏–µ–Ω—Ç—ã: —á–∏—Ç–∞–µ–º –∏ –ø—Ä–æ–≤–µ—Ä—è–µ–º */
1137   1          read_dgus_vp(VP_T_COEF, (u8 *)Temp_Coef, 3);
1138   1          
1139   1          /* –ü—Ä–æ–≤–µ—Ä–∫–∞: K1 –¥–æ–ª–∂–µ–Ω –±—ã—Ç—å > 0, K1 –¥–æ–ª–∂–µ–Ω —Ä–∞–≤–Ω—è—Ç—å—Å—è K2 + 10 */
1140   1          if ((Temp_Coef[0] <= 0) || (Temp_Coef[1] < 0) || (Temp_Coef[0] != Temp_Coef[1] + 10))
1141   1          {
1142   2              /* –£—Å—Ç–∞–Ω–∞–≤–ª–∏–≤–∞–µ–º –¥–µ—Ñ–æ–ª—Ç–Ω—ã–µ –∑–Ω–∞—á–µ–Ω–∏—è –¥–ª—è –≤–∞—à–µ–≥–æ —Ç–µ—Ä–º–æ—Å
             -—Ç–∞—Ç–∞
1143   2               * 
1144   2               * –ö–ê–õ–ò–ë–†–û–í–ö–ê: –ï—Å–ª–∏ —Ç–µ–º–ø–µ—Ä–∞—Ç—É—Ä–∞ –ø–æ–∫–∞–∑—ã–≤–∞–µ—Ç –Ω–µ–≤–µ—Ä–Ω–æ, –∏–∑
             -–º–µ–Ω–∏—Ç–µ Temp_Coef[2]:
1145   2               * - –ï—Å–ª–∏ –ø–æ–∫–∞–∑—ã–≤–∞–µ—Ç –í–´–®–ï —Ä–µ–∞–ª—å–Ω–æ–π: —É–º–µ–Ω—å—à–∏—Ç–µ –∑–Ω–∞—á–µ–Ω–∏–µ 
             -(—Å–¥–µ–ª–∞–π—Ç–µ –±–æ–ª–µ–µ –æ—Ç—Ä–∏—Ü–∞—Ç–µ–ª—å–Ω—ã–º)
1146   2               * - –ï—Å–ª–∏ –ø–æ–∫–∞–∑—ã–≤–∞–µ—Ç –ù–ò–ñ–ï —Ä–µ–∞–ª—å–Ω–æ–π: —É–≤–µ–ª–∏—á—å—Ç–µ –∑–Ω–∞—á–µ–Ω–∏–µ 
             -(—Å–¥–µ–ª–∞–π—Ç–µ –º–µ–Ω–µ–µ –æ—Ç—Ä–∏—Ü–∞—Ç–µ–ª—å–Ω—ã–º)
1147   2               * 
1148   2               * –§–æ—Ä–º—É–ª–∞: –∫–∞–∂–¥—ã–µ 10 –µ–¥–∏–Ω–∏—Ü Temp_Coef[2] = 1¬∞C
1149   2               * –ü—Ä–∏–º–µ—Ä: –ø–æ–∫–∞–∑—ã–≤–∞–µ—Ç 26.6¬∞C –≤–º–µ—Å—Ç–æ 22¬∞C ‚Üí —Ä–∞–∑–Ω–∏—Ü–∞ +4.6¬∞C
1150   2               *         –Ω—É–∂–Ω–æ —É–º–µ–Ω—å—à–∏—Ç—å –Ω–∞ 46 –µ–¥–∏–Ω–∏—Ü (4.6 * 10 = 46)
1151   2               */
1152   2              Temp_Coef[0] = 10;
1153   2              Temp_Coef[1] = 0;
1154   2              Temp_Coef[2] = -1800;  /* –ë–∞–∑–æ–≤–æ–µ –∑–Ω–∞—á–µ–Ω–∏–µ. –ö–æ—Ä—Ä–µ–∫—Ç–∏—Ä—É–π—Ç–µ –ø–æ—Å–ª–µ –
             -ø—Ä–æ–≤–µ—Ä–∫–∏ –∏–∑–º–µ—Ä–µ–Ω–∏–π */
1155   2              
1156   2              /* –ó–∞–ø–∏—Å—ã–≤–∞–µ–º –¥–µ—Ñ–æ–ª—Ç –≤ VP –¥–ª—è —Å–æ—Ö—Ä–∞–Ω–µ–Ω–∏—è */
1157   2              write_dgus_vp(VP_T_COEF, (u8 *)Temp_Coef, 3);
1158   2          }
1159   1      }
C51 COMPILER V9.60.7.0   MAIN                                                              12/11/2025 00:43:16 PAGE 20  

1160          
1161          /* –ß—Ç–µ–Ω–∏–µ ADC –∑–Ω–∞—á–µ–Ω–∏–π (—Ç–æ—á–Ω–æ –∫–∞–∫ –≤ tttt) */
1162          static void Get_ADC_Value(void)
1163          {
1164   1          static u16 temp[8] = {0};
1165   1          read_dgus_vp(OS_AD_VALUE, (u8 *)temp, 8);
1166   1          adc_val[0] += temp[0];
1167   1          adc_val[6] += temp[6];
1168   1          adc_val[7] += temp[7];
1169   1      }
1170          
1171          /* –†–∞—Å—á—ë—Ç —Å–æ–ø—Ä–æ—Ç–∏–≤–ª–µ–Ω–∏—è NTC (—Ç–æ—á–Ω–æ –∫–∞–∫ –≤ tttt) */
1172          static void Get_R_Value(u16 n)
1173          {
1174   1          float R1_temp = 0.0f, R2_temp = 0.0f;
1175   1          
1176   1          adc_value[0] = adc_val[0] / n;
1177   1          adc_value[6] = adc_val[6] / n;
1178   1          adc_value[7] = adc_val[7] / n;
1179   1          
1180   1          R1_temp = adc_value[7] * 1.0f / (adc_value[6] - adc_value[7]);
1181   1          R2_temp = adc_value[0] * 1.0f / (adc_value[6] - adc_value[0]);
1182   1          
1183   1          R1_value = (u16)(R1_temp * 10000);
1184   1          R2_value = (u16)(R2_temp * 10000);
1185   1      }
1186          
1187          /* –ü–æ–∏—Å–∫ –≤ —Ç–∞–±–ª–∏—Ü–µ NTC (—Ç–æ—á–Ω–æ –∫–∞–∫ –≤ tttt) */
1188          static u8 FindTab(const u16 *pTab, u8 Tablong, u16 dat)
1189          {
1190   1          u8 st = 0, ed = 0, m = 0;
1191   1          u8 i = 0;
1192   1          
1193   1          ed = NTC_TABLE_SIZE - 1;
1194   1          
1195   1          if (dat >= pTab[st])
1196   1              return st;
1197   1          else if (dat <= pTab[ed])
1198   1              return ed;
1199   1          
1200   1          while (st < ed)
1201   1          {
1202   2              m = (st + ed) / 2;
1203   2              if (dat == pTab[m])
1204   2                  break;
1205   2              if ((dat < pTab[m]) && (dat > pTab[m + 1]))
1206   2                  break;
1207   2              if (dat > pTab[m])
1208   2                  ed = m;
1209   2              else
1210   2                  st = m;
1211   2              if (i++ > Tablong)
1212   2                  break;
1213   2          }
1214   1          
1215   1          if (st > ed)
1216   1              return 0;
1217   1          return m;
1218   1      }
1219          
1220          /* –°–∫–æ–ª—å–∑—è—â–µ–µ —Å—Ä–µ–¥–Ω–µ–µ –¥–ª—è —Ñ–∏–ª—å—Ç—Ä–∞—Ü–∏–∏ —Ç–µ–º–ø–µ—Ä–∞—Ç—É—Ä—ã */
1221          static u16 apply_temp_filter(u16 new_val)
C51 COMPILER V9.60.7.0   MAIN                                                              12/11/2025 00:43:16 PAGE 21  

1222          {
1223   1          u8 j;
1224   1          u32 sum = 0;
1225   1          
1226   1          /* –ü—Ä–∏ –ø–µ—Ä–≤–æ–º –≤—ã–∑–æ–≤–µ –∑–∞–ø–æ–ª–Ω—è–µ–º –≤–µ—Å—å –±—É—Ñ–µ—Ä –Ω–∞—á–∞–ª—å–Ω—ã–º –∑–Ω–∞—á
             -–µ–Ω–∏–µ–º */
1227   1          if (!temp_filter_init)
1228   1          {
1229   2              for (j = 0; j < TEMP_FILTER_SIZE; j++)
1230   2                  temp_filter_buf[j] = new_val;
1231   2              temp_filter_init = 1;
1232   2              temp_filter_idx = 0;
1233   2              return new_val;
1234   2          }
1235   1          
1236   1          /* –î–æ–±–∞–≤–ª—è–µ–º –Ω–æ–≤–æ–µ –∑–Ω–∞—á–µ–Ω–∏–µ –≤ –±—É—Ñ–µ—Ä */
1237   1          temp_filter_buf[temp_filter_idx] = new_val;
1238   1          temp_filter_idx = (temp_filter_idx + 1) % TEMP_FILTER_SIZE;
1239   1          
1240   1          /* –í—ã—á–∏—Å–ª—è–µ–º —Å—Ä–µ–¥–Ω–µ–µ –ø–æ –≤—Å–µ–º—É –±—É—Ñ–µ—Ä—É */
1241   1          for (j = 0; j < TEMP_FILTER_SIZE; j++)
1242   1              sum += temp_filter_buf[j];
1243   1          
1244   1          return (u16)(sum / TEMP_FILTER_SIZE);
1245   1      }
1246          
1247          /* –†–∞—Å—á—ë—Ç —Ç–µ–º–ø–µ—Ä–∞—Ç—É—Ä—ã - –ú–ò–ù–ò–ú–ê–õ–¨–ù–ê–Ø –í–ï–†–°–ò–Ø */
1248          static void Get_Temperature(u16 tim, u16 n)
1249          {
1250   1          static u16 i = 0;
1251   1          u8 idx1;
1252   1          u16 delta1;
1253   1          s16 adc_diff;
1254   1          float temp1 = 0;
1255   1          
1256   1          if (AD_Count > tim)
1257   1          {
1258   2              Get_ADC_Value();
1259   2              i++;
1260   2              if (i >= n)
1261   2              {
1262   3                  Get_R_Value(n);
1263   3                  
1264   3                  /* –ü—Ä–æ–≤–µ—Ä–∫–∞ –≤–∞–ª–∏–¥–Ω–æ—Å—Ç–∏ ADC —Å –∑–∞–ø–∞—Å–æ–º */
1265   3                  adc_diff = (s16)adc_value[6] - (s16)adc_value[7];
1266   3                  if (adc_diff <= 10)  /* –ú–∏–Ω–∏–º–∞–ª—å–Ω–∞—è —Ä–∞–∑–Ω–∏—Ü–∞ 10 */
1267   3                  {
1268   4                      /* ADC –Ω–µ–≤–∞–ª–∏–¥–Ω—ã–π - –ø—Ä–æ–ø—É—Å–∫–∞–µ–º, –Ω–æ –Ω–µ —Å–±—Ä–∞—Å—ã–≤–∞–µ–º —Å—á—ë—
             -Ç—á–∏–∫ */
1269   4                      adc_val[0] = adc_val[6] = adc_val[7] = 0;
1270   4                      i = 0;
1271   4                      AD_Count = 0;
1272   4                      return;
1273   4                  }
1274   3      
1275   3                  /* –ò—Å–ø–æ–ª—å–∑—É–µ–º —Ç–æ–ª—å–∫–æ –ü–ï–†–í–´–ô –¥–∞—Ç—á–∏–∫ (ADC7) */
1276   3                  idx1 = FindTab(NTC1_TABLE, NTC_TABLE_SIZE, R1_value);
1277   3      
1278   3                  if (idx1 >= (NTC_TABLE_SIZE - 1u)) idx1 = NTC_TABLE_SIZE - 2u;
1279   3      
1280   3                  delta1 = NTC1_TABLE[idx1] - NTC1_TABLE[idx1 + 1u];
1281   3                  if (delta1 == 0u) delta1 = 1;  /* –ó–∞—â–∏—Ç–∞ –æ—Ç –¥–µ–ª–µ–Ω–∏—è –Ω–∞ 0 */
C51 COMPILER V9.60.7.0   MAIN                                                              12/11/2025 00:43:16 PAGE 22  

1282   3                  
1283   3                  temp1 = (NTC1_TABLE[idx1] - R1_value) * 1.0f / delta1;
1284   3                  R1_Temperature = (u16)idx1 * 10u + (u16)(temp1 * 10.0f);
1285   3                  
1286   3                  /* –ö–∞–ª–∏–±—Ä–æ–≤–∫–∞: —Å–º–µ—â–µ–Ω–∏–µ -7¬∞C (70 –¥–µ—Å—è—Ç—ã—Ö) */
1287   3                  #define TEMP_OFFSET 70
1288   3                  
1289   3                  if (R1_Temperature > TEMP_OFFSET)
1290   3                      Temperature_Real = R1_Temperature - TEMP_OFFSET;
1291   3               
1292   3                  Temperatrue_Real_Old = Temperature_Real;
1293   3                  
1294   3                  g_t_real_10x = Temperature_Real;
1295   3                  write_vp_u16(VP_T_REAL_10X, g_t_real_10x);
1296   3                  write_vp_u16(VP_T_REAL_INT, g_t_real_10x / 10u);
1297   3                  
1298   3                  /* –°–±—Ä–æ—Å */
1299   3                  adc_val[0] = 0;
1300   3                  adc_val[6] = 0;
1301   3                  adc_val[7] = 0;
1302   3                  i = 0;
1303   3              }
1304   2              AD_Count = 0;
1305   2          }
1306   1      }
1307          
1308          /* –û–±—ë—Ä—Ç–∫–∞ –¥–ª—è –≤—ã–∑–æ–≤–∞ –∏–∑ main */
1309          static void update_temperature(void)
1310          {
1311   1          AD_Count++;
1312   1          /* tim=40 (@5 ms —Ü–∏–∫–ª–∞) * 10 –≤—ã–±–æ—Ä–æ–∫ ‚âà 2 s –Ω–∞ –æ–¥–Ω–æ –∏–∑–º–µ—Ä–µ–Ω–∏–µ */
1313   1          Get_Temperature(40, 10);
1314   1      }
1315          
1316          /* ---------------------------------------------------------------
1317           * –ß—Ç–µ–Ω–∏–µ –ø–∞—Ä–∞–º–µ—Ç—Ä–æ–≤ –∏–∑ VP
1318           * ------------------------------------------------------------- */
1319          
1320          static void read_control_params_from_vp(void)
1321          {
1322   1          u16 tmp;
1323   1      
1324   1          tmp = read_vp_u16(VP_ONOFF);
1325   1          if (tmp == 1u || tmp == 2u)
1326   1              g_onoff = (u8)tmp;
1327   1      
1328   1          tmp = read_vp_u16(VP_SPEED);
1329   1          if (tmp >= 1u && tmp <= 4u)
1330   1              g_speed = (u8)tmp;
1331   1      
1332   1          tmp = read_vp_u16(VP_MODE);
1333   1          if (tmp == 1u || tmp == 2u)
1334   1              g_mode = (u8)tmp;
1335   1      
1336   1          /* –£—Å—Ç–∞–≤–∫–∞ –º–æ–∂–µ—Ç —Ö—Ä–∞–Ω–∏—Ç—å—Å—è –∫–∞–∫ *10 (0x2065), —Ç–∞–∫ –∏ —Ç–æ–ª—å–∫–æ —Ü–µ–ª–∞—è
             - —á–∞—Å—Ç—å (0x2066) */
1337   1          tmp = read_vp_u16(VP_T_SET_10X);
1338   1          if (tmp >= 160u && tmp <= 320u)          /* 16.0...32.0 */
1339   1          {
1340   2              g_t_set_10x = tmp;
1341   2          }
1342   1          else
C51 COMPILER V9.60.7.0   MAIN                                                              12/11/2025 00:43:16 PAGE 23  

1343   1          {
1344   2              /* –ü—ã—Ç–∞–µ–º—Å—è –≤–∑—è—Ç—å –∏–∑ —Ü–µ–ª–æ—á–∏—Å–ª–µ–Ω–Ω–æ–≥–æ —Ä–µ–≥–∏—Å—Ç—Ä–∞ */
1345   2              tmp = read_vp_u16(VP_T_SET_INT);
1346   2              if (tmp >= 16u && tmp <= 32u)
1347   2              {
1348   3                  g_t_set_10x = tmp * 10u;
1349   3                  /* –°–∏–Ω—Ö—Ä–æ–Ω–∏–∑–∏—Ä—É–µ–º –æ–±–∞ —Ä–µ–≥–∏—Å—Ç—Ä–∞ –≤ DGUS */
1350   3                  write_vp_u16(VP_T_SET_10X, g_t_set_10x);
1351   3                  write_vp_u16(VP_T_SET_INT, tmp);
1352   3              }
1353   2          }
1354   1      
1355   1          tmp = read_vp_u16(VP_GRAPH_EN);
1356   1          if (tmp == 1u || tmp == 2u)
1357   1              g_graph_en = (u8)tmp;
1358   1      }
1359          
1360          /* –ß—Ç–µ–Ω–∏–µ –æ–¥–Ω–æ–≥–æ –≥—Ä–∞—Ñ–∏–∫–∞ –∏–∑ VP –≤ —Å—Ç—Ä—É–∫—Ç—É—Ä—É g_graph_cfg[idx] */
1361          static void read_single_graph_from_vp(u8 idx)
1362          {
1363   1          GraphConfig *cfg = &g_graph_cfg[idx];
1364   1          u16 base;
1365   1          u16 v;
1366   1      
1367   1          switch (idx)
1368   1          {
1369   2              case 0: base = VP_G1_STATUS; break;
1370   2              case 1: base = VP_G2_STATUS; break;
1371   2              case 2: base = VP_G3_STATUS; break;
1372   2              case 3: base = VP_G4_STATUS; break;
1373   2              default: return;
1374   2          }
1375   1      
1376   1          v = read_vp_u16(base + 0u);         /* –°—Ç–∞—Ç—É—Å */
1377   1          cfg->status = (v == 2u) ? 2u : 1u;
1378   1      
1379   1          v = read_vp_u16(base + 1u);         /* –î–Ω–∏ (–±–∏—Ç–æ–≤–∞—è –º–∞—Å–∫–∞) */
1380   1          cfg->days = (v <= 127u) ? (u8)v : 0u;
1381   1      
1382   1          v = read_vp_u16(base + 2u);         /* –°–∫–æ—Ä–æ—Å—Ç—å –≥—Ä–∞—Ñ–∏–∫–∞ */
1383   1          if (v >= 1u && v <= 5u) cfg->speed = (u8)v;
1384   1          else                    cfg->speed = 5u;
1385   1      
1386   1          v = read_vp_u16(base + 3u);         /* –¢–µ–º–ø–µ—Ä–∞—Ç—É—Ä–∞ –≥—Ä–∞—Ñ–∏–∫–∞, 16..32 */
1387   1          if (v >= 16u && v <= 32u) cfg->temp_int = (u8)v;
1388   1          else                      cfg->temp_int = 22u;
1389   1      
1390   1          v = read_vp_u16(base + 4u);         /* –ß–∞—Å—ã –Ω–∞—á–∞–ª–∞ (100..123) */
1391   1          if (v >= 100u && v <= 123u) cfg->shour = (u8)(v - 100u);
1392   1          else                        cfg->shour = 0u;
1393   1      
1394   1          v = read_vp_u16(base + 5u);         /* –ú–∏–Ω—É—Ç—ã –Ω–∞—á–∞–ª–∞ (100..159) */
1395   1          if (v >= 100u && v <= 159u) cfg->smin = (u8)(v - 100u);
1396   1          else                        cfg->smin = 0u;
1397   1      
1398   1          v = read_vp_u16(base + 6u);         /* –ß–∞—Å—ã –∫–æ–Ω—Ü–∞ (100..123) */
1399   1          if (v >= 100u && v <= 123u) cfg->ehour = (u8)(v - 100u);
1400   1          else                        cfg->ehour = 0u;
1401   1      
1402   1          v = read_vp_u16(base + 7u);         /* –ú–∏–Ω—É—Ç—ã –∫–æ–Ω—Ü–∞ (100..159) */
1403   1          if (v >= 100u && v <= 159u) cfg->emin = (u8)(v - 100u);
1404   1          else                        cfg->emin = 0u;
C51 COMPILER V9.60.7.0   MAIN                                                              12/11/2025 00:43:16 PAGE 24  

1405   1      }
1406          
1407          /* –ß—Ç–µ–Ω–∏–µ –≤—Å–µ—Ö —á–µ—Ç—ã—Ä—ë—Ö –≥—Ä–∞—Ñ–∏–∫–æ–≤ */
1408          static void read_graphs_from_vp(void)
1409          {
1410   1          u8 i;
1411   1          for (i = 0; i < 4; ++i)
1412   1          {
1413   2              read_single_graph_from_vp(i);
1414   2          }
1415   1      }
1416          
1417          /* ---------------------------------------------------------------
1418           * –£–ø—Ä–∞–≤–ª–µ–Ω–∏–µ
1419           * ------------------------------------------------------------- */
1420          
1421          static void update_valve_with_hysteresis(s16 delta)
1422          {
1423   1          if (g_valve_open)
1424   1          {
1425   2              if (delta < -TEMP_HYST_10X) set_valve(0);
1426   2          }
1427   1          else
1428   1          {
1429   2              if (delta > TEMP_HYST_10X) set_valve(1);
1430   2          }
1431   1      }
1432          
1433          static void apply_auto_speed_and_valve(s16 delta)
1434          {
1435   1          u8 spd;
1436   1          bit vlv;
1437   1      
1438   1          if (g_mode == 2)
1439   1          {
1440   2              if (delta >= 0)        { spd = 1; vlv = 1; }
1441   2              else if (delta >= -20) { spd = 1; vlv = 0; }
1442   2              else if (delta >= -40) { spd = 2; vlv = 0; }
1443   2              else                   { spd = 3; vlv = 0; }
1444   2          }
1445   1          else
1446   1          {
1447   2              if (delta < 0)        { spd = 1; vlv = 0; }
1448   2              else if (delta < 20)  { spd = 1; vlv = 1; }
1449   2              else if (delta < 40)  { spd = 2; vlv = 1; }
1450   2              else                  { spd = 3; vlv = 1; }
1451   2          }
1452   1      
1453   1          set_speed_relays(spd);
1454   1          set_valve(vlv);
1455   1      }
1456          
1457          static void apply_main_control(void)
1458          {
1459   1          s16 delta;
1460   1      
1461   1          if (g_onoff == 1)
1462   1          {
1463   2              apply_off_state();
1464   2              return;
1465   2          }
1466   1      
C51 COMPILER V9.60.7.0   MAIN                                                              12/11/2025 00:43:16 PAGE 25  

1467   1          delta = (s16)g_t_real_10x - (s16)g_t_set_10x;
1468   1      
1469   1          if (g_speed >= 1 && g_speed <= 3)
1470   1          {
1471   2              set_speed_relays(g_speed);
1472   2              update_valve_with_hysteresis(delta);
1473   2          }
1474   1          else if (g_speed == 4)
1475   1          {
1476   2              apply_auto_speed_and_valve(delta);
1477   2          }
1478   1          else
1479   1          {
1480   2              set_speed_relays(0);
1481   2          }
1482   1      }
1483          
1484          /* ---------------------------------------------------------------
1485           * –ì—Ä–∞—Ñ–∏–∫–∏
1486           * ------------------------------------------------------------- */
1487          
1488          static bit graph_is_today(const GraphConfig* g)
1489          {
1490   1          if (g_rtc.weekday > 6) return 0;
1491   1          return (g->days & (1u << g_rtc.weekday)) ? 1 : 0;
1492   1      }
1493          
1494          static void process_single_graph(u8 idx)
1495          {
1496   1          GraphConfig* cfg = &g_graph_cfg[idx];
1497   1          GraphRuntime* rt = &g_graph_rt[idx];
1498   1      
1499   1          if (g_graph_en != 2 || cfg->status != 2 || !graph_is_today(cfg))
1500   1          {
1501   2              rt->active = 0;
1502   2              return;
1503   2          }
1504   1      
1505   1          if (!rt->active && g_rtc.hour == cfg->shour && g_rtc.min == cfg->smin && g_rtc.sec == 0)
1506   1          {
1507   2              rt->active = 1;
1508   2              rt->prev_speed = g_speed;
1509   2              rt->prev_t_set = g_t_set_10x;
1510   2      
1511   2              if (cfg->speed == 5) g_onoff = 1;
1512   2              else
1513   2              {
1514   3                  g_onoff = 2;
1515   3                  g_speed = cfg->speed;
1516   3                  g_t_set_10x = (u16)cfg->temp_int * 10u;
1517   3              }
1518   2          }
1519   1      
1520   1          if (rt->active && g_rtc.hour == cfg->ehour && g_rtc.min == cfg->emin && g_rtc.sec == 0)
1521   1          {
1522   2              u8 i, other = 0;
1523   2              rt->active = 0;
1524   2      
1525   2              for (i = 0; i < 4; ++i)
1526   2                  if (g_graph_rt[i].active) { other = 1; break; }
1527   2      
1528   2              if (!other) g_onoff = 1;
C51 COMPILER V9.60.7.0   MAIN                                                              12/11/2025 00:43:16 PAGE 26  

1529   2              else
1530   2              {
1531   3                  g_speed = rt->prev_speed;
1532   3                  g_t_set_10x = rt->prev_t_set;
1533   3              }
1534   2          }
1535   1      }
1536          
1537          static void update_graphs(void)
1538          {
1539   1          u8 i;
1540   1      
1541   1          /* –ö–∞–∂–¥—ã–π —Ä–∞–∑ –ø–æ–¥—Ç—è–≥–∏–≤–∞–µ–º –∞–∫—Ç—É–∞–ª—å–Ω—ã–µ –Ω–∞—Å—Ç—Ä–æ–π–∫–∏ –≥—Ä–∞—Ñ–∏–∫–æ–≤
             - –∏–∑ VP */
1542   1          read_graphs_from_vp();
1543   1      
1544   1          for (i = 0; i < 4; ++i)
1545   1          {
1546   2              process_single_graph(i);
1547   2          }
1548   1      }
1549          
1550          /* ---------------------------------------------------------------
1551           * –ò–Ω–∏—Ü–∏–∞–ª–∏–∑–∞—Ü–∏—è
1552           * ------------------------------------------------------------- */
1553          
1554          static void init_state_and_vps(void)
1555          {
1556   1          u8 i;
1557   1          u16 tmp;
1558   1      
1559   1          /* –ß—Ç–µ–Ω–∏–µ Modbus –Ω–∞—Å—Ç—Ä–æ–µ–∫ –∏–∑ VP */
1560   1          tmp = read_vp_u16(VP_MB_ADDR);
1561   1          if (tmp >= 1 && tmp <= 247) g_mb_addr = (u8)tmp;
1562   1          else { g_mb_addr = 247; write_vp_u16(VP_MB_ADDR, 247); }
1563   1      
1564   1          tmp = read_vp_u16(VP_MB_SPEED);
1565   1          if (tmp >= 1 && tmp <= 7) g_mb_speed_idx = (u8)tmp;
1566   1          else { g_mb_speed_idx = 7; write_vp_u16(VP_MB_SPEED, 7); }
1567   1      
1568   1          tmp = read_vp_u16(VP_MB_PROTO);
1569   1          if (tmp >= 1 && tmp <= 6) g_mb_proto = (u8)tmp;
1570   1          else { g_mb_proto = 1; write_vp_u16(VP_MB_PROTO, 1); }
1571   1      
1572   1          /* –ß—Ç–µ–Ω–∏–µ –æ—Å–Ω–æ–≤–Ω—ã—Ö –ø–∞—Ä–∞–º–µ—Ç—Ä–æ–≤ */
1573   1          tmp = read_vp_u16(VP_ONOFF);
1574   1          if (tmp == 1 || tmp == 2) g_onoff = (u8)tmp;
1575   1          else { g_onoff = 2; write_vp_u16(VP_ONOFF, 2); }
1576   1      
1577   1          tmp = read_vp_u16(VP_SPEED);
1578   1          if (tmp >= 1 && tmp <= 4) g_speed = (u8)tmp;
1579   1          else { g_speed = 1; write_vp_u16(VP_SPEED, 1); }
1580   1      
1581   1          tmp = read_vp_u16(VP_MODE);
1582   1          if (tmp == 1 || tmp == 2) g_mode = (u8)tmp;
1583   1          else { g_mode = 2; write_vp_u16(VP_MODE, 2); }
1584   1      
1585   1          tmp = read_vp_u16(VP_T_SET_10X);
1586   1          if (tmp >= 160 && tmp <= 320) g_t_set_10x = tmp;
1587   1          else
1588   1          {
1589   2              g_t_set_10x = 220;
C51 COMPILER V9.60.7.0   MAIN                                                              12/11/2025 00:43:16 PAGE 27  

1590   2              write_vp_u16(VP_T_SET_10X, 220);
1591   2              write_vp_u16(VP_T_SET_INT, 22);
1592   2          }
1593   1      
1594   1          tmp = read_vp_u16(VP_GRAPH_EN);
1595   1          if (tmp == 1 || tmp == 2) g_graph_en = (u8)tmp;
1596   1          else { g_graph_en = 1; write_vp_u16(VP_GRAPH_EN, 1); }
1597   1      
1598   1          /* –ö–∞–ª–∏–±—Ä–æ–≤–∫–∞ —Ç–µ–º–ø–µ—Ä–∞—Ç—É—Ä—ã */
1599   1          init_temperature_calibration();
1600   1      
1601   1          /* –ò–Ω–∏—Ü–∏–∞–ª–∏–∑–∞—Ü–∏—è –ø–µ—Ä–µ–º–µ–Ω–Ω—ã—Ö —Ç–µ–º–ø–µ—Ä–∞—Ç—É—Ä—ã 
1602   1           * –°—Ç–∞–≤–∏–º 0 —á—Ç–æ–±—ã –≤–∏–¥–µ—Ç—å –∫–æ–≥–¥–∞ –ø–µ—Ä–≤–æ–µ —Ä–µ–∞–ª—å–Ω–æ–µ –∏–∑–º–µ—Ä–µ–Ω–∏–µ 
             -–ø—Ä–æ–∏–∑–æ–π–¥—ë—Ç */
1603   1          g_t_real_10x = 0;
1604   1          Temperature_Real = 0;
1605   1          Temperatrue_Real_Old = 0;
1606   1          temp_filter_init = 0;  /* –°–±—Ä–æ—Å —Ñ–∏–ª—å—Ç—Ä–∞ –¥–ª—è –ø–µ—Ä–≤–æ–≥–æ –∏–∑–º–µ—Ä–µ–Ω–∏—è */
1607   1          
1608   1          write_vp_u16(VP_T_REAL_10X, g_t_real_10x);
1609   1          write_vp_u16(VP_T_REAL_INT, g_t_real_10x / 10u);
1610   1      
1611   1          /* –†–∞–Ω—Ç–∞–π–º-—á–∞—Å—Ç—å –≥—Ä–∞—Ñ–∏–∫–æ–≤ (—á—Ç–æ –±—ã–ª–æ –¥–æ –∞–∫—Ç–∏–≤–∞—Ü–∏–∏) */
1612   1          for (i = 0; i < 4; ++i)
1613   1          {
1614   2              g_graph_rt[i].active     = 0;
1615   2              g_graph_rt[i].prev_speed = g_speed;
1616   2              g_graph_rt[i].prev_t_set = g_t_set_10x;
1617   2          }
1618   1      
1619   1          /* –ß–∏—Ç–∞–µ–º —Ñ–∞–∫—Ç–∏—á–µ—Å–∫–∏–µ –Ω–∞—Å—Ç—Ä–æ–π–∫–∏ –≥—Ä–∞—Ñ–∏–∫–æ–≤ –∏–∑ VP */
1620   1          read_graphs_from_vp();
1621   1      }
1622          
1623          /* ---------------------------------------------------------------
1624           * MAIN
1625           * ------------------------------------------------------------- */
1626          
1627          int main(void)
1628          {
1629   1          init_system();
1630   1          init_relays();
1631   1          init_state_and_vps();
1632   1      
1633   1          /* –ò–Ω–∏—Ü–∏–∞–ª–∏–∑–∞—Ü–∏—è UART5 –¥–ª—è Modbus */
1634   1          uart5_init(g_mb_speed_idx, g_mb_proto);
1635   1      
1636   1          /* –ß—Ç–µ–Ω–∏–µ –≤—Ä–µ–º–µ–Ω–∏ */
1637   1          rtc_read_from_dgus();
1638   1          rtc_publish_to_vp();
1639   1      
1640   1          for (;;)
1641   1          {
1642   2              /* Modbus –æ–±—Ä–∞–±–æ—Ç–∫–∞ */
1643   2              if (g_mb_frame_ready)
1644   2              {
1645   3                  modbus_process_frame();
1646   3              }
1647   2      
1648   2              /* –û–±–Ω–æ–≤–ª–µ–Ω–∏–µ —Ç–µ–º–ø–µ—Ä–∞—Ç—É—Ä—ã */
1649   2              update_temperature();
1650   2      
C51 COMPILER V9.60.7.0   MAIN                                                              12/11/2025 00:43:16 PAGE 28  

1651   2              /* –û–±—Ä–∞–±–æ—Ç–∫–∞ —Ä–∞–∑ –≤ —Å–µ–∫—É–Ω–¥—É */
1652   2              if (g_rtc_1s_flag)
1653   2              {
1654   3                  g_rtc_1s_flag = 0;
1655   3      
1656   3                  rtc_tick_1s();
1657   3                  rtc_publish_to_vp();
1658   3      
1659   3                  read_control_params_from_vp();
1660   3                  update_graphs();
1661   3                  apply_main_control();
1662   3              }
1663   2      
1664   2              delay_ms(5);
1665   2          }
1666   1      }


MODULE INFORMATION:   STATIC OVERLAYABLE
   CODE SIZE        =   8218    ----
   CONSTANT SIZE    =    948    ----
   XDATA SIZE       =    301     124
   PDATA SIZE       =   ----    ----
   DATA SIZE        =      4    ----
   IDATA SIZE       =   ----    ----
   BIT SIZE         =      4       2
END OF MODULE INFORMATION.


C51 COMPILATION COMPLETE.  1 WARNING(S),  0 ERROR(S)
